This is pdfTeX, Version 3.14159265-2.6-1.40.16 (MiKTeX 2.9) (preloaded format=pdflatex 2016.1.31)  3 MAR 2017 10:45
entering extended mode
**./Report.tex
(Report.tex
LaTeX2e <2015/10/01> patch level 2
Babel <3.9n> and hyphenation patterns for 69 languages loaded.
(O:\MikTex\tex\latex\base\article.cls
Document Class: article 2014/09/29 v1.4h Standard LaTeX document class
(O:\MikTex\tex\latex\base\size10.clo
File: size10.clo 2014/09/29 v1.4h Standard LaTeX file (size option)
)
\c@part=\count79
\c@section=\count80
\c@subsection=\count81
\c@subsubsection=\count82
\c@paragraph=\count83
\c@subparagraph=\count84
\c@figure=\count85
\c@table=\count86
\abovecaptionskip=\skip41
\belowcaptionskip=\skip42
\bibindent=\dimen102
)
(O:\MikTex\tex\latex\graphics\graphicx.sty
Package: graphicx 2014/10/28 v1.0g Enhanced LaTeX Graphics (DPC,SPQR)

(O:\MikTex\tex\latex\graphics\keyval.sty
Package: keyval 2014/10/28 v1.15 key=value parser (DPC)
\KV@toks@=\toks14
)
(O:\MikTex\tex\latex\graphics\graphics.sty
Package: graphics 2014/10/28 v1.0p Standard LaTeX Graphics (DPC,SPQR)

(O:\MikTex\tex\latex\graphics\trig.sty
Package: trig 1999/03/16 v1.09 sin cos tan (DPC)
)
(O:\MikTex\tex\latex\00miktex\graphics.cfg
File: graphics.cfg 2007/01/18 v1.5 graphics configuration of teTeX/TeXLive
)
Package graphics Info: Driver file: pdftex.def on input line 94.

(O:\MikTex\tex\latex\pdftex-def\pdftex.def
File: pdftex.def 2011/05/27 v0.06d Graphics/color for pdfTeX

(O:\MikTex\tex\generic\oberdiek\infwarerr.sty
Package: infwarerr 2010/04/08 v1.3 Providing info/warning/error messages (HO)
)
(O:\MikTex\tex\generic\oberdiek\ltxcmds.sty
Package: ltxcmds 2011/11/09 v1.22 LaTeX kernel commands for general use (HO)
)
\Gread@gobject=\count87
))
\Gin@req@height=\dimen103
\Gin@req@width=\dimen104
)
(O:\MikTex\tex\latex\graphics\color.sty
Package: color 2014/10/28 v1.1a Standard LaTeX Color (DPC)
 (O:\MikTex\tex\latex\00miktex\color.cfg
File: color.cfg 2007/01/18 v1.5 color configuration of teTeX/TeXLive
)
Package color Info: Driver file: pdftex.def on input line 142.
 (O:\MikTex\tex\latex\graphics\dvipsnam.def
File: dvipsnam.def 2014/10/14 v3.0j Driver-dependent file (DPC,SPQR)
))
(O:\MikTex\tex\latex\float\float.sty
Package: float 2001/11/08 v1.3d Float enhancements (AL)
\c@float@type=\count88
\float@exts=\toks15
\float@box=\box26
\@float@everytoks=\toks16
\@floatcapt=\box27
) (O:\MikTex\tex\latex\amsmath\amsmath.sty
Package: amsmath 2013/01/14 v2.14 AMS math features
\@mathmargin=\skip43

For additional information on amsmath, use the `?' option.
(O:\MikTex\tex\latex\amsmath\amstext.sty
Package: amstext 2000/06/29 v2.01

(O:\MikTex\tex\latex\amsmath\amsgen.sty
File: amsgen.sty 1999/11/30 v2.0
\@emptytoks=\toks17
\ex@=\dimen105
))
(O:\MikTex\tex\latex\amsmath\amsbsy.sty
Package: amsbsy 1999/11/29 v1.2d
\pmbraise@=\dimen106
)
(O:\MikTex\tex\latex\amsmath\amsopn.sty
Package: amsopn 1999/12/14 v2.01 operator names
)
\inf@bad=\count89
LaTeX Info: Redefining \frac on input line 210.
\uproot@=\count90
\leftroot@=\count91
LaTeX Info: Redefining \overline on input line 306.
\classnum@=\count92
\DOTSCASE@=\count93
LaTeX Info: Redefining \ldots on input line 378.
LaTeX Info: Redefining \dots on input line 381.
LaTeX Info: Redefining \cdots on input line 466.
\Mathstrutbox@=\box28
\strutbox@=\box29
\big@size=\dimen107
LaTeX Font Info:    Redeclaring font encoding OML on input line 566.
LaTeX Font Info:    Redeclaring font encoding OMS on input line 567.
\macc@depth=\count94
\c@MaxMatrixCols=\count95
\dotsspace@=\muskip10
\c@parentequation=\count96
\dspbrk@lvl=\count97
\tag@help=\toks18
\row@=\count98
\column@=\count99
\maxfields@=\count100
\andhelp@=\toks19
\eqnshift@=\dimen108
\alignsep@=\dimen109
\tagshift@=\dimen110
\tagwidth@=\dimen111
\totwidth@=\dimen112
\lineht@=\dimen113
\@envbody=\toks20
\multlinegap=\skip44
\multlinetaggap=\skip45
\mathdisplay@stack=\toks21
LaTeX Info: Redefining \[ on input line 2665.
LaTeX Info: Redefining \] on input line 2666.
)

LaTeX Warning: Unused global option(s):
    [14pt].

(Report.aux

LaTeX Warning: Label `fig:img1)' multiply defined.

)
\openout1 = `Report.aux'.

LaTeX Font Info:    Checking defaults for OML/cmm/m/it on input line 24.
LaTeX Font Info:    ... okay on input line 24.
LaTeX Font Info:    Checking defaults for T1/cmr/m/n on input line 24.
LaTeX Font Info:    ... okay on input line 24.
LaTeX Font Info:    Checking defaults for OT1/cmr/m/n on input line 24.
LaTeX Font Info:    ... okay on input line 24.
LaTeX Font Info:    Checking defaults for OMS/cmsy/m/n on input line 24.
LaTeX Font Info:    ... okay on input line 24.
LaTeX Font Info:    Checking defaults for OMX/cmex/m/n on input line 24.
LaTeX Font Info:    ... okay on input line 24.
LaTeX Font Info:    Checking defaults for U/cmr/m/n on input line 24.
LaTeX Font Info:    ... okay on input line 24.
 (O:\MikTex\tex\context\base\supp-pdf.mkii
[Loading MPS to PDF converter (version 2006.09.02).]
\scratchcounter=\count101
\scratchdimen=\dimen114
\scratchbox=\box30
\nofMPsegments=\count102
\nofMParguments=\count103
\everyMPshowfont=\toks22
\MPscratchCnt=\count104
\MPscratchDim=\dimen115
\MPnumerator=\count105
\makeMPintoPDFobject=\count106
\everyMPtoPDFconversion=\toks23
)
LaTeX Font Info:    Try loading font information for OT1+pnc on input line 26.
 (O:\MikTex\tex\latex\psnfss\ot1pnc.fd
File: ot1pnc.fd 2001/06/04 font definitions for OT1/pnc.
) (Coversheet.tex
LaTeX Font Info:    Font shape `OT1/pnc/bx/n' in size <48> not available
(Font)              Font shape `OT1/pnc/b/n' tried instead on input line 10.
LaTeX Font Info:    Try loading font information for OT1+ptm on input line 13.

(O:\MikTex\tex\latex\psnfss\ot1ptm.fd
File: ot1ptm.fd 2001/06/04 font definitions for OT1/ptm.
) [1

{C:/Users/Mitchel/AppData/Local/MiKTeX/2.9/pdftex/config/pdftex.map}]) (Report.
toc
LaTeX Font Info:    Font shape `OT1/pnc/bx/n' in size <10> not available
(Font)              Font shape `OT1/pnc/b/n' tried instead on input line 1.
)
\tf@toc=\write3
\openout3 = `Report.toc'.

Missing character: There is no ‚ in font pncr7t!
Missing character: There is no Ä in font pncr7t!
Missing character: There is no ú in font pncr7t!
Missing character: There is no ‚ in font pncr7t!
Missing character: There is no Ä in font pncr7t!
Missing character: There is no ù in font pncr7t!

<associated_files/Con_Ops_Opertions_Combo.png, id=7, 944.02687pt x 522.45187pt>
File: associated_files/Con_Ops_Opertions_Combo.png Graphic file (type png)
<use associated_files/Con_Ops_Opertions_Combo.png>
Package pdftex.def Info: associated_files/Con_Ops_Opertions_Combo.png used on i
nput line 50.
(pdftex.def)             Requested size: 345.0pt x 190.9365pt.
 [1]
LaTeX Font Info:    Try loading font information for OMS+pnc on input line 60.

(O:\MikTex\tex\latex\psnfss\omspnc.fd
File: omspnc.fd 
)
LaTeX Font Info:    Font shape `OMS/pnc/m/n' in size <10> not available
(Font)              Font shape `OMS/cmsy/m/n' tried instead on input line 60.
Missing character: There is no ‚ in font pncr7t!
Missing character: There is no Ä in font pncr7t!
Missing character: There is no ô in font pncr7t!
Missing character: There is no ‚ in font pncr7t!
Missing character: There is no Ä in font pncr7t!
Missing character: There is no ú in font pncr7t!
Missing character: There is no ‚ in font pncr7t!
Missing character: There is no Ä in font pncr7t!
Missing character: There is no ù in font pncr7t!
Missing character: There is no ‚ in font pncr7t!
Missing character: There is no Ä in font pncr7t!
Missing character: There is no ú in font pncr7t!
Missing character: There is no ‚ in font pncr7t!
Missing character: There is no Ä in font pncr7t!
Missing character: There is no ù in font pncr7t!
 [2 <./associated_files/Con_Ops_Opertions_Combo.png>]
Missing character: There is no ‚ in font pncr7t!
Missing character: There is no Ä in font pncr7t!
Missing character: There is no ú in font pncr7t!
Missing character: There is no ‚ in font pncr7t!
Missing character: There is no Ä in font pncr7t!
Missing character: There is no ù in font pncr7t!
 [3]
<associated_files/Jazz_WBS.jpg, id=24, 1360.08125pt x 460.72125pt>
File: associated_files/Jazz_WBS.jpg Graphic file (type jpg)

<use associated_files/Jazz_WBS.jpg>
Package pdftex.def Info: associated_files/Jazz_WBS.jpg used on input line 121.
(pdftex.def)             Requested size: 345.0pt x 116.86723pt.
Missing character: There is no ‚ in font pncr7t!
Missing character: There is no Ä in font pncr7t!
Missing character: There is no ú in font pncr7t!
Missing character: There is no ‚ in font pncr7t!
Missing character: There is no Ä in font pncr7t!
Missing character: There is no ù in font pncr7t!
Missing character: There is no ‚ in font pncr7t!
Missing character: There is no Ä in font pncr7t!
Missing character: There is no ú in font pncr7t!
Missing character: There is no ‚ in font pncr7t!
Missing character: There is no Ä in font pncr7t!
Missing character: There is no ù in font pncr7t!

Overfull \hbox (3.87723pt too wide) in paragraph at lines 152--153
[]\OT1/pnc/b/n/10 Jazz IMU shall use mi-cro-elec-trome-chan-i-cal (MEMs) ac-cel
erom-
 []

[4 <./associated_files/Jazz_WBS.jpg>]
Overfull \hbox (2.31648pt too wide) in paragraph at lines 154--155
[]| \OT1/pnc/m/n/10 b. Sim-u-la-tions will need to ac-cu-rately rep-re-sent MEM
s ac-celerom-
 []

Missing character: There is no ‚ in font pncb7t!
Missing character: There is no Ä in font pncb7t!
Missing character: There is no ú in font pncb7t!
Missing character: There is no ‚ in font pncb7t!
Missing character: There is no Ä in font pncb7t!
Missing character: There is no ù in font pncb7t!
Missing character: There is no ‚ in font pncb7t!
Missing character: There is no Ä in font pncb7t!
Missing character: There is no ú in font pncb7t!
Missing character: There is no ‚ in font pncb7t!
Missing character: There is no Ä in font pncb7t!
Missing character: There is no ù in font pncb7t!
[5] [6] (Report.aux)

LaTeX Warning: There were multiply-defined labels.

 ) 
Here is how much of TeX's memory you used:
 2148 strings out of 493634
 26918 string characters out of 3151054
 89626 words of memory out of 3000000
 5527 multiletter control sequences out of 15000+200000
 11966 words of font info for 31 fonts, out of 3000000 for 9000
 1025 hyphenation exceptions out of 8191
 27i,6n,20p,619b,281s stack positions out of 5000i,500n,10000p,200000b,50000s
{O:/MikTex/fonts/enc/dvips/fontname/8r.enc}<O:/MikTex/fonts/type1/public/amsf
onts/cm/cmbx10.pfb><O:/MikTex/fonts/type1/public/amsfonts/cm/cmbx12.pfb><O:/Mik
Tex/fonts/type1/public/amsfonts/cm/cmmi10.pfb><O:/MikTex/fonts/type1/public/ams
fonts/cm/cmr10.pfb><O:/MikTex/fonts/type1/public/amsfonts/cm/cmr7.pfb><O:/MikTe
x/fonts/type1/public/amsfonts/cm/cmsy10.pfb><O:/MikTex/fonts/type1/urw/ncntrsbk
/uncb8a.pfb><O:/MikTex/fonts/type1/urw/ncntrsbk/uncr8a.pfb><O:/MikTex/fonts/typ
e1/urw/times/utmr8a.pfb>
Output written on Report.pdf (7 pages, 257963 bytes).
PDF statistics:
 67 PDF objects out of 1000 (max. 8388607)
 0 named destinations out of 1000 (max. 500000)
 11 words of extra memory for PDF output out of 10000 (max. 10000000)

